Using pre-set license
Built from '2021.3/release' branch; Version is '2021.3.17f1 (3e8111cac19d) revision 4096273'; Using compiler version '192829333'; Build Type 'Release'
OS: 'Windows 10  (10.0.19044) 64bit Professional' Language: 'pt' Physical Memory: 16349 MB
BatchMode: 1, IsHumanControllingUs: 0, StartBugReporterOnCrash: 0, Is64bit: 1, IsPro: 1

COMMAND LINE ARGUMENTS:
C:\Program Files\Unity\Hub\Editor\2021.3.17f1\Editor\Unity.exe
-adb2
-batchMode
-noUpm
-name
AssetImportWorker2
-projectPath
C:/Users/thega/Unity Projects/JogoDoPenguin/Jogo Pinguim
-logFile
Logs/AssetImportWorker2.log
-srvPort
63914
Successfully changed project path to: C:/Users/thega/Unity Projects/JogoDoPenguin/Jogo Pinguim
C:/Users/thega/Unity Projects/JogoDoPenguin/Jogo Pinguim
[UnityMemory] Configuration Parameters - Can be set up in boot.config
    "memorysetup-bucket-allocator-granularity=16"
    "memorysetup-bucket-allocator-bucket-count=8"
    "memorysetup-bucket-allocator-block-size=33554432"
    "memorysetup-bucket-allocator-block-count=8"
    "memorysetup-main-allocator-block-size=16777216"
    "memorysetup-thread-allocator-block-size=16777216"
    "memorysetup-gfx-main-allocator-block-size=16777216"
    "memorysetup-gfx-thread-allocator-block-size=16777216"
    "memorysetup-cache-allocator-block-size=4194304"
    "memorysetup-typetree-allocator-block-size=2097152"
    "memorysetup-profiler-bucket-allocator-granularity=16"
    "memorysetup-profiler-bucket-allocator-bucket-count=8"
    "memorysetup-profiler-bucket-allocator-block-size=33554432"
    "memorysetup-profiler-bucket-allocator-block-count=8"
    "memorysetup-profiler-allocator-block-size=16777216"
    "memorysetup-profiler-editor-allocator-block-size=1048576"
    "memorysetup-temp-allocator-size-main=16777216"
    "memorysetup-job-temp-allocator-block-size=2097152"
    "memorysetup-job-temp-allocator-block-size-background=1048576"
    "memorysetup-job-temp-allocator-reduction-small-platforms=262144"
    "memorysetup-temp-allocator-size-background-worker=32768"
    "memorysetup-temp-allocator-size-job-worker=262144"
    "memorysetup-temp-allocator-size-preload-manager=33554432"
    "memorysetup-temp-allocator-size-nav-mesh-worker=65536"
    "memorysetup-temp-allocator-size-audio-worker=65536"
    "memorysetup-temp-allocator-size-cloud-worker=32768"
    "memorysetup-temp-allocator-size-gi-baking-worker=262144"
    "memorysetup-temp-allocator-size-gfx=262144"
Player connection [8172] Host "[IP] 192.168.0.15 [Port] 0 [Flags] 2 [Guid] 2965038062 [EditorId] 2965038062 [Version] 1048832 [Id] WindowsEditor(7,DESKTOP-D9D7DPE) [Debug] 1 [PackageName] WindowsEditor [ProjectName] Editor" joined multi-casting on [225.0.0.222:54997]...

Player connection [8172] Host "[IP] 192.168.0.15 [Port] 0 [Flags] 2 [Guid] 2965038062 [EditorId] 2965038062 [Version] 1048832 [Id] WindowsEditor(7,DESKTOP-D9D7DPE) [Debug] 1 [PackageName] WindowsEditor [ProjectName] Editor" joined alternative multi-casting on [225.0.0.222:34997]...

Refreshing native plugins compatible for Editor in 177.90 ms, found 3 plugins.
Preloading 0 native plugins for Editor in 0.00 ms.
Initialize engine version: 2021.3.17f1 (3e8111cac19d)
[Subsystems] Discovering subsystems at path C:/Program Files/Unity/Hub/Editor/2021.3.17f1/Editor/Data/Resources/UnitySubsystems
[Subsystems] Discovering subsystems at path C:/Users/thega/Unity Projects/JogoDoPenguin/Jogo Pinguim/Assets
GfxDevice: creating device client; threaded=0; jobified=0
Direct3D:
    Version:  Direct3D 11.0 [level 11.0]
    Renderer: NVIDIA GeForce GT 730 (ID=0x1287)
    Vendor:   NVIDIA
    VRAM:     2007 MB
    Driver:   30.0.14.7381
Initialize mono
Mono path[0] = 'C:/Program Files/Unity/Hub/Editor/2021.3.17f1/Editor/Data/Managed'
Mono path[1] = 'C:/Program Files/Unity/Hub/Editor/2021.3.17f1/Editor/Data/MonoBleedingEdge/lib/mono/unityjit-win32'
Mono config path = 'C:/Program Files/Unity/Hub/Editor/2021.3.17f1/Editor/Data/MonoBleedingEdge/etc'
Using monoOptions --debugger-agent=transport=dt_socket,embedding=1,server=y,suspend=n,address=127.0.0.1:56444
Begin MonoManager ReloadAssembly
Registering precompiled unity dll's ...
Register platform support module: C:/Program Files/Unity/Hub/Editor/2021.3.17f1/Editor/Data/PlaybackEngines/WindowsStandaloneSupport/UnityEditor.WindowsStandalone.Extensions.dll
Registered in 0.019088 seconds.
Native extension for WindowsStandalone target not found
Refreshing native plugins compatible for Editor in 180.54 ms, found 3 plugins.
Preloading 0 native plugins for Editor in 0.00 ms.
Mono: successfully reloaded assembly
- Completed reload, in  1.057 seconds
Domain Reload Profiling:
	ReloadAssembly (1057ms)
		BeginReloadAssembly (133ms)
			ExecutionOrderSort (0ms)
			DisableScriptedObjects (0ms)
			BackupInstance (0ms)
			ReleaseScriptingObjects (0ms)
			CreateAndSetChildDomain (1ms)
		EndReloadAssembly (738ms)
			LoadAssemblies (127ms)
			RebuildTransferFunctionScriptingTraits (0ms)
			SetupTypeCache (152ms)
			ReleaseScriptCaches (0ms)
			RebuildScriptCaches (42ms)
			SetupLoadedEditorAssemblies (459ms)
				LogAssemblyErrors (0ms)
				InitializePlatformSupportModulesInManaged (14ms)
				SetLoadedEditorAssemblies (0ms)
				RefreshPlugins (181ms)
				BeforeProcessingInitializeOnLoad (2ms)
				ProcessInitializeOnLoadAttributes (186ms)
				ProcessInitializeOnLoadMethodAttributes (75ms)
				AfterProcessingInitializeOnLoad (0ms)
				EditorAssembliesLoaded (0ms)
			ExecutionOrderSort2 (0ms)
			AwakeInstancesAfterBackupRestoration (0ms)
Platform modules already initialized, skipping
Registering precompiled user dll's ...
Registered in 0.018773 seconds.
Begin MonoManager ReloadAssembly
Symbol file LoadedFromMemory doesn't match image C:\Users\thega\Unity Projects\JogoDoPenguin\Jogo Pinguim\Library\PackageCache\com.unity.visualscripting@1.8.0\Editor\VisualScripting.Core\Dependencies\YamlDotNet\Unity.VisualScripting.YamlDotNet.dll
Symbol file LoadedFromMemory doesn't match image C:\Users\thega\Unity Projects\JogoDoPenguin\Jogo Pinguim\Library\PackageCache\com.unity.visualscripting@1.8.0\Editor\VisualScripting.Core\Dependencies\DotNetZip\Unity.VisualScripting.IonicZip.dll
Native extension for WindowsStandalone target not found
Refreshing native plugins compatible for Editor in 171.74 ms, found 3 plugins.
Preloading 0 native plugins for Editor in 0.00 ms.
Mono: successfully reloaded assembly
- Completed reload, in  2.293 seconds
Domain Reload Profiling:
	ReloadAssembly (2294ms)
		BeginReloadAssembly (191ms)
			ExecutionOrderSort (0ms)
			DisableScriptedObjects (9ms)
			BackupInstance (0ms)
			ReleaseScriptingObjects (0ms)
			CreateAndSetChildDomain (25ms)
		EndReloadAssembly (1878ms)
			LoadAssemblies (176ms)
			RebuildTransferFunctionScriptingTraits (0ms)
			SetupTypeCache (475ms)
			ReleaseScriptCaches (1ms)
			RebuildScriptCaches (101ms)
			SetupLoadedEditorAssemblies (1076ms)
				LogAssemblyErrors (0ms)
				InitializePlatformSupportModulesInManaged (9ms)
				SetLoadedEditorAssemblies (0ms)
				RefreshPlugins (172ms)
				BeforeProcessingInitializeOnLoad (213ms)
				ProcessInitializeOnLoadAttributes (547ms)
				ProcessInitializeOnLoadMethodAttributes (114ms)
				AfterProcessingInitializeOnLoad (21ms)
				EditorAssembliesLoaded (0ms)
			ExecutionOrderSort2 (0ms)
			AwakeInstancesAfterBackupRestoration (10ms)
Platform modules already initialized, skipping
========================================================================
Worker process is ready to serve import requests
Launched and connected shader compiler UnityShaderCompiler.exe after 0.82 seconds
Refreshing native plugins compatible for Editor in 1.32 ms, found 3 plugins.
Preloading 0 native plugins for Editor in 0.00 ms.
Unloading 5083 Unused Serialized files (Serialized files now loaded: 0)
Unloading 46 unused Assets / (0.8 MB). Loaded Objects now: 5547.
Memory consumption went from 206.6 MB to 205.7 MB.
Total: 5.739100 ms (FindLiveObjects: 0.490000 ms CreateObjectMapping: 0.258000 ms MarkObjects: 4.564600 ms  DeleteObjects: 0.424800 ms)

AssetImportParameters requested are different than current active one (requested -> active):
  custom:video-decoder-ogg-theora: a1e56fd34408186e4bbccfd4996cb3dc -> 
  custom:container-muxer-webm: aa71ff27fc2769a1b78a27578f13a17b -> 
  custom:container-demuxer-webm: 4f35f7cbe854078d1ac9338744f61a02 -> 
  custom:video-encoder-webm-vp8: eb34c28f22e8b96e1ab97ce403110664 -> 
  custom:audio-encoder-webm-vorbis: bf7c407c2cedff20999df2af8eb42d56 -> 
  custom:framework-win-MediaFoundation: 216162199b28c13a410421893ffa2e32 -> 
  custom:container-demuxer-ogg: 62fdf1f143b41e24485cea50d1cbac27 -> 
  custom:video-decoder-webm-vp8: 9c59270c3fd7afecdb556c50c9e8de78 -> 
  custom:audio-decoder-ogg-vorbis: bf7c407c2cedff20999df2af8eb42d56 -> 
========================================================================
Received Import Request.
  Time since last request: 10953.126172 seconds.
  path: Assets/Scenes/Teste.unity
  artifactKey: Guid(aa4e8b3baa20a6f4090124bb1820497e) Importer(815301076,1909f56bfc062723c751e8b465ee728b)
Start importing Assets/Scenes/Teste.unity using Guid(aa4e8b3baa20a6f4090124bb1820497e) Importer(815301076,1909f56bfc062723c751e8b465ee728b)  -> (artifact id: '1e00f9c19f51c4499c5af98eb558d6ab') in 0.067549 seconds 
========================================================================
Received Import Request.
  Time since last request: 0.000056 seconds.
  path: Assets/Scenes/Menu.unity
  artifactKey: Guid(bf5c00f87efe3d647b8b6c8ec3fb4aae) Importer(815301076,1909f56bfc062723c751e8b465ee728b)
Start importing Assets/Scenes/Menu.unity using Guid(bf5c00f87efe3d647b8b6c8ec3fb4aae) Importer(815301076,1909f56bfc062723c751e8b465ee728b)  -> (artifact id: 'eebd9f5a57f3a94a774c4aa0a6e1f44e') in 0.010130 seconds 
========================================================================
Received Import Request.
  Time since last request: 2751.932694 seconds.
  path: Assets/Simple Toon Shader/Main Light.shadersubgraph
  artifactKey: Guid(ab9b6feadc505a54a9d799b7581b16e2) Importer(815301076,1909f56bfc062723c751e8b465ee728b)
Start importing Assets/Simple Toon Shader/Main Light.shadersubgraph using Guid(ab9b6feadc505a54a9d799b7581b16e2) Importer(815301076,1909f56bfc062723c751e8b465ee728b)  -> (artifact id: '3d837aba27d4599d5a2834c3af54ca9f') in 0.172517 seconds 
========================================================================
Received Import Request.
  Time since last request: 11.327500 seconds.
  path: Assets/Simple Toon Shader/ToonTiling.shadergraph
  artifactKey: Guid(9b9ce5c54d0225741aedbdeb8c8988be) Importer(815301076,1909f56bfc062723c751e8b465ee728b)
Start importing Assets/Simple Toon Shader/ToonTiling.shadergraph using Guid(9b9ce5c54d0225741aedbdeb8c8988be) Importer(815301076,1909f56bfc062723c751e8b465ee728b)  -> (artifact id: '460efd3dc44646f323f38227306c58d8') in 0.022320 seconds 
========================================================================
Received Import Request.
  Time since last request: 8.698390 seconds.
  path: Assets/Simple Toon Shader/ToonTiling 1.shadergraph
  artifactKey: Guid(5faef66d0db616e4cbdc3bd26538b3d6) Importer(815301076,1909f56bfc062723c751e8b465ee728b)
Start importing Assets/Simple Toon Shader/ToonTiling 1.shadergraph using Guid(5faef66d0db616e4cbdc3bd26538b3d6) Importer(815301076,1909f56bfc062723c751e8b465ee728b)  -> (artifact id: '6d80e640564c9fef09585f62b614ac3d') in 0.014696 seconds 
========================================================================
Received Import Request.
  Time since last request: 12.745347 seconds.
  path: Assets/Simple Toon Shader/ToonTiling WorldSpace.shadergraph
  artifactKey: Guid(5faef66d0db616e4cbdc3bd26538b3d6) Importer(815301076,1909f56bfc062723c751e8b465ee728b)
Start importing Assets/Simple Toon Shader/ToonTiling WorldSpace.shadergraph using Guid(5faef66d0db616e4cbdc3bd26538b3d6) Importer(815301076,1909f56bfc062723c751e8b465ee728b)  -> (artifact id: 'd31336a94d32d04c857346ab218ace16') in 0.013615 seconds 
========================================================================
Received Import Request.
  Time since last request: 143.814631 seconds.
  path: Assets/Simple Toon Shader/ToonTiling WorldSpace.shadergraph
  artifactKey: Guid(5faef66d0db616e4cbdc3bd26538b3d6) Importer(815301076,1909f56bfc062723c751e8b465ee728b)
Start importing Assets/Simple Toon Shader/ToonTiling WorldSpace.shadergraph using Guid(5faef66d0db616e4cbdc3bd26538b3d6) Importer(815301076,1909f56bfc062723c751e8b465ee728b)  -> (artifact id: 'a6deb99bae64717a94c5dbbdc1b15b42') in 0.007869 seconds 
========================================================================
Received Import Request.
  Time since last request: 18.782067 seconds.
  path: Assets/Cenário Prefabs/Materiais Gerais/Madeira.mat
  artifactKey: Guid(332662b48621c9e4da763456bce97506) Importer(815301076,1909f56bfc062723c751e8b465ee728b)
Start importing Assets/Cenário Prefabs/Materiais Gerais/Madeira.mat using Guid(332662b48621c9e4da763456bce97506) Importer(815301076,1909f56bfc062723c751e8b465ee728b)  -> (artifact id: '99c953ea1589c8f6cf0b11d41b95cb94') in 0.594605 seconds 
========================================================================
Received Import Request.
  Time since last request: 12.741148 seconds.
  path: Assets/Cenário Prefabs/Materiais Gerais/Tijolo.mat
  artifactKey: Guid(a50777951cd307a48bf116944df86adf) Importer(815301076,1909f56bfc062723c751e8b465ee728b)
Start importing Assets/Cenário Prefabs/Materiais Gerais/Tijolo.mat using Guid(a50777951cd307a48bf116944df86adf) Importer(815301076,1909f56bfc062723c751e8b465ee728b)  -> (artifact id: '2458945ac6102fec740fb3ae98d2ed4a') in 0.040797 seconds 
========================================================================
Received Import Request.
  Time since last request: 168.118011 seconds.
  path: Assets/Cenário Prefabs/Materiais Gerais/pedra.png
  artifactKey: Guid(3460aa898465c6e44af7aa4edb89ca12) Importer(815301076,1909f56bfc062723c751e8b465ee728b)
Start importing Assets/Cenário Prefabs/Materiais Gerais/pedra.png using Guid(3460aa898465c6e44af7aa4edb89ca12) Importer(815301076,1909f56bfc062723c751e8b465ee728b)  -> (artifact id: '6682709f036ea8557d51ddd7b6f2e16b') in 0.144415 seconds 
========================================================================
Received Import Request.
  Time since last request: 761.653831 seconds.
  path: Assets/Cenário Prefabs/Materiais Gerais/Tijolo.mat
  artifactKey: Guid(a50777951cd307a48bf116944df86adf) Importer(815301076,1909f56bfc062723c751e8b465ee728b)
Start importing Assets/Cenário Prefabs/Materiais Gerais/Tijolo.mat using Guid(a50777951cd307a48bf116944df86adf) Importer(815301076,1909f56bfc062723c751e8b465ee728b)  -> (artifact id: '49ddc88de92c17514806dc43a089a656') in 0.841442 seconds 
